[M::main::11.097*0.97] loaded/built the index for 3366 target sequence(s)
[M::mm_mapopt_update::13.621*0.98] mid_occ = 718
[M::mm_idx_stat] kmer size: 15; skip: 10; is_hpc: 0; #seq: 3366
[M::mm_idx_stat::14.646*0.98] distinct minimizers: 100273180 (37.98% are singletons); average occurrences: 5.717; average spacing: 5.612; total length: 3217346917
[M::worker_pipeline::829.310*2.94] mapped 73223 sequences
[M::worker_pipeline::1814.939*2.98] mapped 50715 sequences
[M::worker_pipeline::2784.769*2.98] mapped 56225 sequences
[M::worker_pipeline::3582.562*2.98] mapped 62099 sequences
[M::worker_pipeline::4428.398*2.99] mapped 66708 sequences
[M::worker_pipeline::5394.798*2.98] mapped 64567 sequences
[M::worker_pipeline::6312.787*2.98] mapped 47727 sequences
[M::worker_pipeline::7175.516*2.99] mapped 60225 sequences
[M::worker_pipeline::7964.484*2.99] mapped 72099 sequences
[M::worker_pipeline::9277.814*2.98] mapped 8399 sequences
[M::worker_pipeline::10466.847*2.98] mapped 10862 sequences
[M::worker_pipeline::11550.948*2.98] mapped 7531 sequences
[M::worker_pipeline::12765.727*2.98] mapped 9069 sequences
[M::worker_pipeline::14064.671*2.98] mapped 8562 sequences
[M::worker_pipeline::15113.095*2.98] mapped 8785 sequences
[M::worker_pipeline::16639.415*2.97] mapped 10625 sequences
[M::worker_pipeline::17906.277*2.97] mapped 9621 sequences
[M::worker_pipeline::19251.586*2.97] mapped 7791 sequences
[M::worker_pipeline::20892.725*2.97] mapped 8290 sequences
[M::worker_pipeline::22248.551*2.97] mapped 11074 sequences
[M::worker_pipeline::23505.217*2.97] mapped 8555 sequences
[M::worker_pipeline::24757.891*2.97] mapped 8563 sequences
[M::worker_pipeline::26095.427*2.97] mapped 7201 sequences
[M::worker_pipeline::27272.243*2.97] mapped 8921 sequences
[M::worker_pipeline::28658.036*2.97] mapped 7209 sequences
[M::worker_pipeline::30025.522*2.97] mapped 10845 sequences
[M::worker_pipeline::31475.999*2.97] mapped 9283 sequences
[M::worker_pipeline::32946.303*2.97] mapped 8957 sequences
[M::worker_pipeline::34300.009*2.97] mapped 8219 sequences
[M::worker_pipeline::35547.640*2.97] mapped 7083 sequences
[M::worker_pipeline::36797.480*2.97] mapped 8314 sequences
[M::worker_pipeline::38339.647*2.97] mapped 8123 sequences
[M::worker_pipeline::39706.720*2.97] mapped 8305 sequences
[M::worker_pipeline::40908.499*2.97] mapped 8490 sequences
[M::worker_pipeline::42046.135*2.97] mapped 7954 sequences
[M::worker_pipeline::43316.445*2.97] mapped 8598 sequences
[M::worker_pipeline::44626.262*2.97] mapped 8691 sequences
[M::worker_pipeline::46218.857*2.96] mapped 7804 sequences
[M::worker_pipeline::47914.030*2.95] mapped 8847 sequences
[M::worker_pipeline::49233.338*2.95] mapped 9421 sequences
[M::worker_pipeline::50367.638*2.95] mapped 10029 sequences
[M::worker_pipeline::51646.618*2.95] mapped 11916 sequences
[M::worker_pipeline::52961.480*2.95] mapped 10054 sequences
[M::worker_pipeline::54382.934*2.95] mapped 7506 sequences
[M::worker_pipeline::55909.768*2.95] mapped 7316 sequences
[M::worker_pipeline::57154.554*2.95] mapped 9908 sequences
[M::worker_pipeline::58328.921*2.95] mapped 11000 sequences
[M::worker_pipeline::59674.386*2.95] mapped 10083 sequences
[M::worker_pipeline::61234.071*2.95] mapped 10499 sequences
[M::worker_pipeline::62602.175*2.95] mapped 7711 sequences
[M::worker_pipeline::63860.112*2.95] mapped 9190 sequences
[M::worker_pipeline::65174.404*2.95] mapped 7794 sequences
[M::worker_pipeline::66419.820*2.95] mapped 8937 sequences
[M::worker_pipeline::67738.717*2.95] mapped 9107 sequences
[M::worker_pipeline::69149.336*2.95] mapped 6599 sequences
[M::worker_pipeline::70612.098*2.96] mapped 9400 sequences
[M::worker_pipeline::71907.215*2.96] mapped 8221 sequences
[M::worker_pipeline::73391.753*2.96] mapped 9463 sequences
[M::worker_pipeline::74826.835*2.96] mapped 7155 sequences
[M::worker_pipeline::76302.267*2.96] mapped 5415 sequences
[M::worker_pipeline::77534.547*2.96] mapped 9301 sequences
[M::worker_pipeline::79024.380*2.96] mapped 8573 sequences
[M::worker_pipeline::80394.259*2.96] mapped 8704 sequences
[M::worker_pipeline::81745.729*2.96] mapped 9495 sequences
[M::worker_pipeline::83071.253*2.96] mapped 8821 sequences
[M::worker_pipeline::84615.272*2.96] mapped 8359 sequences
[M::worker_pipeline::86002.114*2.96] mapped 8768 sequences
[M::worker_pipeline::87266.255*2.96] mapped 7979 sequences
[M::worker_pipeline::88543.087*2.96] mapped 8627 sequences
[M::worker_pipeline::89938.171*2.96] mapped 9208 sequences
[M::worker_pipeline::91295.370*2.96] mapped 9401 sequences
[M::worker_pipeline::92774.801*2.96] mapped 9000 sequences
[M::worker_pipeline::94096.576*2.96] mapped 10394 sequences
[M::worker_pipeline::95443.006*2.96] mapped 11966 sequences
[M::worker_pipeline::97075.061*2.96] mapped 9375 sequences
[M::worker_pipeline::98662.442*2.96] mapped 8362 sequences
[M::worker_pipeline::100179.908*2.96] mapped 5523 sequences
[M::worker_pipeline::101753.762*2.96] mapped 10018 sequences
[M::worker_pipeline::103173.960*2.96] mapped 10097 sequences
[M::worker_pipeline::104697.501*2.96] mapped 7676 sequences
[M::worker_pipeline::106128.213*2.96] mapped 9083 sequences
[M::worker_pipeline::107571.102*2.96] mapped 8459 sequences
[M::worker_pipeline::108946.114*2.96] mapped 6934 sequences
[M::worker_pipeline::110359.437*2.96] mapped 7995 sequences
[M::worker_pipeline::111860.348*2.96] mapped 8582 sequences
[M::worker_pipeline::113075.432*2.96] mapped 10556 sequences
[M::worker_pipeline::114415.145*2.96] mapped 7719 sequences
[M::worker_pipeline::115581.214*2.96] mapped 10203 sequences
[M::worker_pipeline::117177.667*2.96] mapped 8264 sequences
[M::worker_pipeline::118453.373*2.96] mapped 9438 sequences
[M::worker_pipeline::120028.303*2.96] mapped 8451 sequences
[M::worker_pipeline::121328.008*2.96] mapped 12442 sequences
[M::worker_pipeline::122649.845*2.96] mapped 7316 sequences
[M::worker_pipeline::123836.588*2.96] mapped 9924 sequences
[M::worker_pipeline::125085.997*2.96] mapped 7976 sequences
[M::worker_pipeline::126707.751*2.96] mapped 7979 sequences
[M::worker_pipeline::128078.413*2.96] mapped 12406 sequences
[M::worker_pipeline::129418.397*2.96] mapped 8614 sequences
[M::worker_pipeline::130998.495*2.96] mapped 9104 sequences
[M::worker_pipeline::132487.895*2.96] mapped 8358 sequences
[M::worker_pipeline::133798.052*2.96] mapped 8224 sequences
[M::worker_pipeline::135228.591*2.96] mapped 8258 sequences
[M::worker_pipeline::136374.773*2.96] mapped 8687 sequences
[M::worker_pipeline::137458.854*2.96] mapped 9854 sequences
[M::worker_pipeline::138768.885*2.96] mapped 7876 sequences
[M::worker_pipeline::140245.265*2.96] mapped 9161 sequences
[M::worker_pipeline::142018.550*2.95] mapped 8272 sequences
[M::worker_pipeline::143245.360*2.95] mapped 8677 sequences
[M::worker_pipeline::144592.435*2.95] mapped 8362 sequences
[M::worker_pipeline::146034.530*2.95] mapped 9311 sequences
[M::worker_pipeline::147399.042*2.96] mapped 8577 sequences
[M::worker_pipeline::149239.509*2.96] mapped 9048 sequences
[M::worker_pipeline::150564.780*2.96] mapped 7229 sequences
[M::worker_pipeline::151908.033*2.96] mapped 7442 sequences
[M::worker_pipeline::153151.351*2.96] mapped 8969 sequences
[M::worker_pipeline::154633.447*2.96] mapped 8814 sequences
[M::worker_pipeline::155919.393*2.96] mapped 8950 sequences
[M::worker_pipeline::157203.869*2.96] mapped 9007 sequences
[M::worker_pipeline::158603.868*2.96] mapped 7858 sequences
[M::worker_pipeline::159916.086*2.96] mapped 7813 sequences
[M::worker_pipeline::161431.433*2.95] mapped 7454 sequences
[M::worker_pipeline::162746.182*2.95] mapped 8893 sequences
[M::worker_pipeline::163944.831*2.96] mapped 9448 sequences
[M::worker_pipeline::165256.300*2.96] mapped 10355 sequences
[M::worker_pipeline::166696.473*2.96] mapped 9948 sequences
[M::worker_pipeline::167999.402*2.96] mapped 9081 sequences
[M::worker_pipeline::169211.265*2.96] mapped 11525 sequences
[M::worker_pipeline::170379.773*2.96] mapped 11157 sequences
[M::worker_pipeline::171624.889*2.96] mapped 9186 sequences
[M::worker_pipeline::173088.206*2.96] mapped 8870 sequences
[M::worker_pipeline::174516.501*2.96] mapped 9460 sequences
[M::worker_pipeline::175792.985*2.96] mapped 9718 sequences
[M::worker_pipeline::177137.926*2.96] mapped 8193 sequences
[M::worker_pipeline::178798.164*2.96] mapped 8689 sequences
[M::worker_pipeline::179846.005*2.96] mapped 8314 sequences
[M::worker_pipeline::181400.805*2.96] mapped 9241 sequences
[M::worker_pipeline::182809.340*2.96] mapped 8524 sequences
[M::worker_pipeline::184185.218*2.96] mapped 7783 sequences
[M::worker_pipeline::185674.838*2.96] mapped 10170 sequences
[M::worker_pipeline::186989.561*2.96] mapped 5539 sequences
[M::worker_pipeline::188348.842*2.96] mapped 7389 sequences
[M::worker_pipeline::189550.977*2.96] mapped 11419 sequences
[M::worker_pipeline::190849.723*2.96] mapped 10919 sequences
[M::worker_pipeline::192373.969*2.96] mapped 9124 sequences
[M::worker_pipeline::193996.485*2.96] mapped 8309 sequences
[M::worker_pipeline::195647.251*2.96] mapped 9302 sequences
[M::worker_pipeline::197133.581*2.96] mapped 12280 sequences
[M::worker_pipeline::198369.417*2.96] mapped 10071 sequences
[M::worker_pipeline::199686.993*2.96] mapped 10405 sequences
[M::worker_pipeline::201163.685*2.96] mapped 9474 sequences
[M::worker_pipeline::202576.829*2.96] mapped 8129 sequences
[M::worker_pipeline::203982.482*2.96] mapped 7471 sequences
[M::worker_pipeline::205271.523*2.96] mapped 10068 sequences
[M::worker_pipeline::206553.116*2.96] mapped 9414 sequences
[M::worker_pipeline::207619.919*2.96] mapped 8311 sequences
[M::worker_pipeline::208976.933*2.96] mapped 8053 sequences
[M::worker_pipeline::210428.573*2.96] mapped 8812 sequences
[M::worker_pipeline::211666.260*2.96] mapped 8573 sequences
[M::worker_pipeline::212913.143*2.96] mapped 7668 sequences
[M::worker_pipeline::214407.514*2.96] mapped 8542 sequences
[M::worker_pipeline::215545.504*2.96] mapped 7892 sequences
[M::worker_pipeline::216732.963*2.96] mapped 9593 sequences
[M::worker_pipeline::217863.618*2.96] mapped 8912 sequences
[M::worker_pipeline::219047.683*2.96] mapped 8497 sequences
[M::worker_pipeline::220418.907*2.96] mapped 7336 sequences
[M::worker_pipeline::221922.764*2.96] mapped 7714 sequences
[M::worker_pipeline::223131.591*2.96] mapped 8151 sequences
[M::worker_pipeline::224510.460*2.96] mapped 7554 sequences
[M::worker_pipeline::226016.934*2.96] mapped 8165 sequences
[M::worker_pipeline::227229.156*2.96] mapped 7527 sequences
[M::worker_pipeline::228268.745*2.96] mapped 8155 sequences
[M::worker_pipeline::229433.894*2.96] mapped 8682 sequences
[M::worker_pipeline::230520.567*2.96] mapped 10012 sequences
[M::worker_pipeline::231380.890*2.96] mapped 47505 sequences
[M::worker_pipeline::232328.594*2.96] mapped 70682 sequences
[M::worker_pipeline::233597.937*2.96] mapped 12901 sequences
[M::worker_pipeline::234856.631*2.96] mapped 11633 sequences
[M::worker_pipeline::235934.528*2.96] mapped 17390 sequences
[M::worker_pipeline::236899.120*2.96] mapped 26204 sequences
[M::worker_pipeline::237929.886*2.96] mapped 27358 sequences
[M::worker_pipeline::239132.920*2.96] mapped 9158 sequences
[M::worker_pipeline::240457.355*2.96] mapped 9165 sequences
[M::worker_pipeline::241578.088*2.96] mapped 8527 sequences
[M::worker_pipeline::242820.353*2.96] mapped 11233 sequences
[M::worker_pipeline::244274.938*2.96] mapped 6565 sequences
[M::worker_pipeline::245255.658*2.96] mapped 10408 sequences
[M::worker_pipeline::246694.470*2.96] mapped 8291 sequences
[M::worker_pipeline::247990.096*2.96] mapped 7472 sequences
[M::worker_pipeline::249457.698*2.96] mapped 8278 sequences
[M::worker_pipeline::250746.156*2.96] mapped 7810 sequences
[M::worker_pipeline::252005.312*2.96] mapped 8844 sequences
[M::worker_pipeline::253448.965*2.96] mapped 7798 sequences
[M::worker_pipeline::254577.354*2.96] mapped 9831 sequences
[M::worker_pipeline::255898.475*2.96] mapped 8633 sequences
[M::worker_pipeline::257184.409*2.96] mapped 7883 sequences
[M::worker_pipeline::258536.448*2.96] mapped 8658 sequences
[M::worker_pipeline::259888.236*2.96] mapped 7838 sequences
[M::worker_pipeline::261113.279*2.96] mapped 8234 sequences
[M::worker_pipeline::262622.313*2.96] mapped 7587 sequences
[M::worker_pipeline::263879.980*2.96] mapped 10501 sequences
[M::worker_pipeline::265358.887*2.96] mapped 7054 sequences
[M::worker_pipeline::266911.753*2.96] mapped 6812 sequences
[M::worker_pipeline::268318.787*2.96] mapped 10807 sequences
[M::worker_pipeline::269546.068*2.96] mapped 10432 sequences
[M::worker_pipeline::270617.308*2.96] mapped 6934 sequences
[M::worker_pipeline::271991.443*2.96] mapped 8630 sequences
[M::worker_pipeline::273353.374*2.96] mapped 8337 sequences
[M::worker_pipeline::274503.675*2.96] mapped 9429 sequences
[M::worker_pipeline::275443.711*2.96] mapped 59289 sequences
[M::worker_pipeline::276241.654*2.96] mapped 83605 sequences
[M::worker_pipeline::277253.158*2.96] mapped 53815 sequences
[M::worker_pipeline::278287.408*2.96] mapped 9545 sequences
[M::worker_pipeline::279380.795*2.96] mapped 14625 sequences
[M::worker_pipeline::280663.781*2.96] mapped 9116 sequences
[M::worker_pipeline::281926.238*2.96] mapped 8977 sequences
[M::worker_pipeline::282994.985*2.96] mapped 8367 sequences
[M::worker_pipeline::284143.451*2.96] mapped 11806 sequences
[M::worker_pipeline::285272.743*2.96] mapped 12334 sequences
[M::worker_pipeline::286823.774*2.96] mapped 9054 sequences
[M::worker_pipeline::288240.363*2.96] mapped 4755 sequences
[M::worker_pipeline::289466.488*2.96] mapped 9772 sequences
[M::worker_pipeline::290678.900*2.96] mapped 8044 sequences
[M::worker_pipeline::291917.981*2.96] mapped 10080 sequences
[M::worker_pipeline::293036.782*2.96] mapped 10192 sequences
[M::worker_pipeline::294212.585*2.96] mapped 6880 sequences
[M::worker_pipeline::295324.395*2.96] mapped 6191 sequences
[M::worker_pipeline::296478.130*2.96] mapped 9707 sequences
[M::worker_pipeline::297865.729*2.96] mapped 12519 sequences
[M::worker_pipeline::299040.168*2.96] mapped 13336 sequences
[M::worker_pipeline::300445.340*2.96] mapped 10348 sequences
[M::worker_pipeline::301673.100*2.96] mapped 8718 sequences
[M::worker_pipeline::302885.235*2.96] mapped 7606 sequences
[M::worker_pipeline::304412.480*2.96] mapped 11974 sequences
[M::worker_pipeline::305566.529*2.96] mapped 12935 sequences
[M::worker_pipeline::306904.276*2.96] mapped 11865 sequences
[M::worker_pipeline::308234.514*2.96] mapped 8397 sequences
[M::worker_pipeline::309118.987*2.96] mapped 19332 sequences
[M::worker_pipeline::310185.208*2.96] mapped 20030 sequences
[M::worker_pipeline::311176.340*2.96] mapped 26966 sequences
[M::worker_pipeline::312208.411*2.96] mapped 28391 sequences
[M::worker_pipeline::313583.463*2.96] mapped 12852 sequences
[M::worker_pipeline::314835.819*2.96] mapped 16152 sequences
[M::worker_pipeline::316004.816*2.96] mapped 19736 sequences
[M::worker_pipeline::317241.624*2.96] mapped 14457 sequences
[M::worker_pipeline::318275.028*2.96] mapped 26550 sequences
[M::worker_pipeline::319426.094*2.96] mapped 13766 sequences
[M::worker_pipeline::320752.051*2.96] mapped 14415 sequences
[M::worker_pipeline::321989.233*2.96] mapped 16597 sequences
[M::worker_pipeline::323338.884*2.96] mapped 18108 sequences
[M::worker_pipeline::324303.609*2.96] mapped 12452 sequences
[M::worker_pipeline::325338.172*2.96] mapped 31313 sequences
[M::worker_pipeline::326449.556*2.96] mapped 24118 sequences
[M::worker_pipeline::327610.122*2.96] mapped 23393 sequences
[M::worker_pipeline::328763.616*2.96] mapped 21519 sequences
[M::worker_pipeline::329713.823*2.96] mapped 25776 sequences
[M::worker_pipeline::330869.908*2.96] mapped 22406 sequences
[M::worker_pipeline::332039.048*2.96] mapped 13530 sequences
[M::worker_pipeline::333297.394*2.96] mapped 16262 sequences
[M::worker_pipeline::334463.664*2.96] mapped 19119 sequences
[M::worker_pipeline::335685.366*2.96] mapped 17815 sequences
[M::worker_pipeline::336749.107*2.96] mapped 16875 sequences
[M::worker_pipeline::337893.101*2.96] mapped 16999 sequences
[M::worker_pipeline::339101.156*2.96] mapped 16564 sequences
[M::worker_pipeline::340317.417*2.96] mapped 12873 sequences
[M::worker_pipeline::341510.747*2.96] mapped 14223 sequences
[M::worker_pipeline::342511.784*2.96] mapped 26710 sequences
[M::worker_pipeline::343419.507*2.96] mapped 29582 sequences
[M::worker_pipeline::344429.215*2.96] mapped 23489 sequences
[M::worker_pipeline::345545.875*2.96] mapped 20373 sequences
[M::worker_pipeline::346425.739*2.96] mapped 30476 sequences
[M::worker_pipeline::347661.401*2.96] mapped 18000 sequences
[M::worker_pipeline::348633.897*2.96] mapped 25468 sequences
[M::worker_pipeline::349489.075*2.96] mapped 26551 sequences
[M::worker_pipeline::350520.770*2.96] mapped 24126 sequences
[M::worker_pipeline::351473.565*2.96] mapped 23850 sequences
[M::worker_pipeline::352460.805*2.96] mapped 22230 sequences
[M::worker_pipeline::353587.734*2.96] mapped 24886 sequences
[M::worker_pipeline::354481.962*2.96] mapped 26686 sequences
[M::worker_pipeline::355391.505*2.96] mapped 23022 sequences
[M::worker_pipeline::356315.138*2.96] mapped 20698 sequences
[M::worker_pipeline::357373.261*2.96] mapped 23466 sequences
[M::worker_pipeline::358308.393*2.96] mapped 24609 sequences
[M::worker_pipeline::359340.283*2.96] mapped 26044 sequences
[M::worker_pipeline::360564.506*2.96] mapped 13069 sequences
[M::worker_pipeline::361541.657*2.96] mapped 29094 sequences
[M::worker_pipeline::362567.433*2.96] mapped 23796 sequences
[M::worker_pipeline::363654.585*2.96] mapped 28433 sequences
[M::worker_pipeline::364562.940*2.96] mapped 26833 sequences
[M::worker_pipeline::365552.181*2.96] mapped 21440 sequences
[M::worker_pipeline::366522.738*2.96] mapped 28297 sequences
[M::worker_pipeline::367501.443*2.96] mapped 26637 sequences
[M::worker_pipeline::368469.325*2.96] mapped 26850 sequences
[M::worker_pipeline::369526.731*2.96] mapped 24953 sequences
[M::worker_pipeline::370510.953*2.96] mapped 26625 sequences
[M::worker_pipeline::371414.810*2.96] mapped 24044 sequences
[M::worker_pipeline::372305.716*2.96] mapped 26306 sequences
[M::worker_pipeline::373257.649*2.96] mapped 25886 sequences
[M::worker_pipeline::374293.434*2.96] mapped 23581 sequences
[M::worker_pipeline::375331.611*2.96] mapped 24516 sequences
[M::worker_pipeline::376245.347*2.96] mapped 27585 sequences
[M::worker_pipeline::377310.404*2.96] mapped 23594 sequences
[M::worker_pipeline::378155.091*2.96] mapped 28227 sequences
[M::worker_pipeline::379142.465*2.96] mapped 26487 sequences
[M::worker_pipeline::380115.398*2.96] mapped 27718 sequences
[M::worker_pipeline::381136.282*2.96] mapped 23399 sequences
[M::worker_pipeline::381949.219*2.96] mapped 29582 sequences
[M::worker_pipeline::382815.930*2.96] mapped 26670 sequences
[M::worker_pipeline::383664.084*2.96] mapped 26630 sequences
[M::worker_pipeline::384739.119*2.96] mapped 25278 sequences
[M::worker_pipeline::385703.025*2.96] mapped 27100 sequences
[M::worker_pipeline::386695.608*2.96] mapped 24784 sequences
[M::worker_pipeline::387708.134*2.96] mapped 22071 sequences
[M::worker_pipeline::388735.700*2.96] mapped 25214 sequences
[M::worker_pipeline::389726.591*2.96] mapped 26853 sequences
[M::worker_pipeline::390688.080*2.96] mapped 24804 sequences
[M::worker_pipeline::391578.612*2.96] mapped 25175 sequences
[M::worker_pipeline::392490.974*2.96] mapped 26451 sequences
[M::worker_pipeline::393370.007*2.96] mapped 20475 sequences
[M::worker_pipeline::394631.299*2.96] mapped 9462 sequences
[M::worker_pipeline::396057.342*2.96] mapped 12046 sequences
[M::worker_pipeline::397486.409*2.96] mapped 10147 sequences
[M::worker_pipeline::398812.034*2.96] mapped 11286 sequences
[M::worker_pipeline::400154.195*2.96] mapped 11254 sequences
[M::worker_pipeline::401425.628*2.96] mapped 8351 sequences
[M::worker_pipeline::402912.284*2.96] mapped 9621 sequences
[M::worker_pipeline::404240.088*2.96] mapped 10714 sequences
[M::worker_pipeline::405547.667*2.96] mapped 10082 sequences
[M::worker_pipeline::406913.165*2.96] mapped 12449 sequences
[M::worker_pipeline::408443.205*2.96] mapped 8794 sequences
[M::worker_pipeline::409735.509*2.96] mapped 7952 sequences
[M::worker_pipeline::411072.607*2.96] mapped 8375 sequences
[M::worker_pipeline::412659.552*2.96] mapped 11342 sequences
[M::worker_pipeline::413966.131*2.96] mapped 9665 sequences
[M::worker_pipeline::415256.526*2.96] mapped 8038 sequences
[M::worker_pipeline::416467.562*2.96] mapped 11540 sequences
[M::worker_pipeline::417582.927*2.96] mapped 8792 sequences
[M::worker_pipeline::418979.074*2.96] mapped 7980 sequences
[M::worker_pipeline::420645.578*2.96] mapped 8925 sequences
[M::worker_pipeline::422253.213*2.96] mapped 9079 sequences
[M::worker_pipeline::423443.951*2.96] mapped 10361 sequences
[M::worker_pipeline::424670.133*2.96] mapped 8604 sequences
[M::worker_pipeline::425944.052*2.96] mapped 8680 sequences
[M::worker_pipeline::427290.153*2.96] mapped 10664 sequences
[M::worker_pipeline::428575.152*2.96] mapped 9830 sequences
[M::worker_pipeline::429926.060*2.96] mapped 11534 sequences
[M::worker_pipeline::431519.811*2.96] mapped 10428 sequences
[M::worker_pipeline::432714.911*2.96] mapped 12912 sequences
[M::worker_pipeline::434029.453*2.96] mapped 9794 sequences
[M::worker_pipeline::435398.042*2.96] mapped 9019 sequences
[M::worker_pipeline::436484.412*2.96] mapped 10978 sequences
[M::worker_pipeline::438003.912*2.96] mapped 10648 sequences
[M::worker_pipeline::439708.172*2.96] mapped 13391 sequences
[M::worker_pipeline::441512.436*2.96] mapped 9527 sequences
[M::worker_pipeline::442844.203*2.96] mapped 10808 sequences
[M::worker_pipeline::444168.790*2.96] mapped 6049 sequences
[M::worker_pipeline::445502.851*2.96] mapped 8909 sequences
[M::worker_pipeline::447102.501*2.96] mapped 9291 sequences
[M::worker_pipeline::448331.266*2.96] mapped 9336 sequences
[M::worker_pipeline::449618.546*2.96] mapped 11924 sequences
[M::worker_pipeline::450899.538*2.96] mapped 11542 sequences
[M::worker_pipeline::452140.207*2.96] mapped 11984 sequences
[M::worker_pipeline::453576.520*2.96] mapped 12627 sequences
[M::worker_pipeline::455171.781*2.96] mapped 9255 sequences
[M::worker_pipeline::456441.813*2.96] mapped 8642 sequences
[M::worker_pipeline::457979.290*2.96] mapped 8839 sequences
[M::worker_pipeline::459449.023*2.96] mapped 12090 sequences
[M::worker_pipeline::461007.598*2.96] mapped 10901 sequences
[M::worker_pipeline::462383.050*2.96] mapped 10358 sequences
[M::worker_pipeline::463876.175*2.96] mapped 12274 sequences
[M::worker_pipeline::465356.404*2.96] mapped 9451 sequences
[M::worker_pipeline::466656.860*2.96] mapped 9263 sequences
[M::worker_pipeline::467940.467*2.96] mapped 9178 sequences
[M::worker_pipeline::469255.821*2.96] mapped 9497 sequences
[M::worker_pipeline::470486.963*2.96] mapped 8108 sequences
[M::worker_pipeline::472023.750*2.96] mapped 11187 sequences
[M::worker_pipeline::473076.718*2.96] mapped 11252 sequences
[M::worker_pipeline::474410.209*2.96] mapped 9364 sequences
[M::worker_pipeline::475725.420*2.96] mapped 9296 sequences
[M::worker_pipeline::476891.087*2.96] mapped 9032 sequences
[M::worker_pipeline::478384.039*2.96] mapped 10263 sequences
[M::worker_pipeline::479738.016*2.96] mapped 12406 sequences
[M::worker_pipeline::480953.958*2.96] mapped 8764 sequences
[M::worker_pipeline::482181.845*2.96] mapped 10402 sequences
[M::worker_pipeline::483535.467*2.96] mapped 9825 sequences
[M::worker_pipeline::484883.301*2.96] mapped 8363 sequences
[M::worker_pipeline::486154.834*2.96] mapped 9075 sequences
[M::worker_pipeline::487639.899*2.96] mapped 10014 sequences
[M::worker_pipeline::489219.150*2.96] mapped 9060 sequences
[M::worker_pipeline::490510.058*2.96] mapped 8659 sequences
[M::worker_pipeline::491877.668*2.96] mapped 8022 sequences
[M::worker_pipeline::492879.007*2.96] mapped 10653 sequences
[M::worker_pipeline::493928.247*2.96] mapped 9021 sequences
[M::worker_pipeline::495336.426*2.96] mapped 8330 sequences
[M::worker_pipeline::496710.393*2.96] mapped 8749 sequences
[M::worker_pipeline::498024.230*2.96] mapped 8666 sequences
[M::worker_pipeline::499309.289*2.96] mapped 9194 sequences
[M::worker_pipeline::500687.783*2.96] mapped 11274 sequences
[M::worker_pipeline::502053.849*2.96] mapped 15601 sequences
[M::worker_pipeline::503462.051*2.96] mapped 8912 sequences
[M::worker_pipeline::504642.283*2.96] mapped 8340 sequences
[M::worker_pipeline::505742.875*2.96] mapped 9235 sequences
[M::worker_pipeline::507246.695*2.96] mapped 9429 sequences
[M::worker_pipeline::508277.464*2.96] mapped 7785 sequences
[M::worker_pipeline::509492.809*2.96] mapped 8974 sequences
[M::worker_pipeline::510816.373*2.96] mapped 9216 sequences
[M::worker_pipeline::511918.425*2.96] mapped 7632 sequences
[M::worker_pipeline::513586.834*2.96] mapped 7477 sequences
[M::worker_pipeline::514986.201*2.96] mapped 10533 sequences
[M::worker_pipeline::516015.902*2.96] mapped 11295 sequences
[M::worker_pipeline::517450.724*2.96] mapped 8376 sequences
[M::worker_pipeline::518741.952*2.96] mapped 10866 sequences
[M::worker_pipeline::519966.562*2.96] mapped 9230 sequences
[M::worker_pipeline::521153.542*2.96] mapped 14722 sequences
[M::worker_pipeline::522275.161*2.96] mapped 9589 sequences
[M::worker_pipeline::523589.090*2.96] mapped 8387 sequences
[M::worker_pipeline::524920.425*2.96] mapped 8114 sequences
[M::worker_pipeline::526435.494*2.96] mapped 13069 sequences
[M::worker_pipeline::527818.671*2.96] mapped 11095 sequences
[M::worker_pipeline::529284.918*2.96] mapped 10270 sequences
[M::worker_pipeline::530377.376*2.96] mapped 13847 sequences
[M::worker_pipeline::531721.852*2.96] mapped 6452 sequences
[M::worker_pipeline::532845.529*2.96] mapped 8286 sequences
[M::worker_pipeline::534139.691*2.96] mapped 9394 sequences
[M::worker_pipeline::535261.674*2.96] mapped 12065 sequences
[M::worker_pipeline::536565.764*2.96] mapped 16592 sequences
[M::worker_pipeline::537774.235*2.96] mapped 10441 sequences
[M::worker_pipeline::539025.204*2.96] mapped 10790 sequences
[M::worker_pipeline::540118.099*2.96] mapped 11915 sequences
[M::worker_pipeline::541158.189*2.96] mapped 11854 sequences
[M::worker_pipeline::542306.391*2.96] mapped 13644 sequences
[M::worker_pipeline::543491.133*2.96] mapped 11808 sequences
[M::worker_pipeline::544783.384*2.96] mapped 9179 sequences
[M::worker_pipeline::546189.183*2.96] mapped 8707 sequences
[M::worker_pipeline::547222.523*2.96] mapped 8101 sequences
[M::worker_pipeline::548628.963*2.96] mapped 10290 sequences
[M::worker_pipeline::550034.743*2.96] mapped 7767 sequences
[M::worker_pipeline::551374.238*2.96] mapped 8783 sequences
[M::worker_pipeline::552704.195*2.96] mapped 10196 sequences
[M::worker_pipeline::554076.181*2.96] mapped 10354 sequences
[M::worker_pipeline::555477.847*2.96] mapped 8960 sequences
[M::worker_pipeline::556744.954*2.96] mapped 8538 sequences
[M::worker_pipeline::557919.102*2.96] mapped 9804 sequences
[M::worker_pipeline::559284.337*2.96] mapped 9759 sequences
[M::worker_pipeline::560634.341*2.96] mapped 9560 sequences
[M::worker_pipeline::561518.908*2.96] mapped 4831 sequences
[M::main] Version: 2.28-r1209
[M::main] CMD: minimap2 -a /n/data1/bch/genetics/lee/reference/hg38/Homo_sapiens_assembly38-ONT.mmi /n/data1/bch/genetics/lee/projects/SMaHT/data/SMaHT_DAC_COLO829/ontUl_r9_r10/COLO829BL_ontUL.fasta
[M::main] Real time: 561519.520 sec; CPU: 1663418.350 sec; Peak RSS: 12.756 GB
[E::hts_idx_push] Chromosome blocks not continuous
[E::sam_index] Read '7ba7a7e6-6eef-40ad-805e-5e788c9b86b8' with ref_name='chr3', ref_length=198295559, flags=0, pos=29535256 cannot be indexed
samtools index: failed to create index for "/n/data1/bch/genetics/lee/projects/SMaHT/data/SMaHT_DAC_COLO829/ontUl_r9_r10/COLO829BL_ontUL.aligned.bam"
