[M::bam2fq_mainloop] discarded 0 singletons
[M::bam2fq_mainloop] processed 6047704 reads
[M::main::13.347*0.99] loaded/built the index for 3366 target sequence(s)
[M::mm_mapopt_update::15.657*0.99] mid_occ = 718
[M::mm_idx_stat] kmer size: 15; skip: 10; is_hpc: 0; #seq: 3366
[M::mm_idx_stat::16.680*0.99] distinct minimizers: 100273180 (37.98% are singletons); average occurrences: 5.717; average spacing: 5.612; total length: 3217346917
[M::worker_pipeline::856.498*2.94] mapped 73223 sequences
[M::worker_pipeline::1854.152*2.97] mapped 50715 sequences
[M::worker_pipeline::2827.307*2.98] mapped 56225 sequences
[M::worker_pipeline::3629.279*2.98] mapped 62099 sequences
[M::worker_pipeline::4495.895*2.98] mapped 66708 sequences
[M::worker_pipeline::5472.929*2.98] mapped 64567 sequences
[M::worker_pipeline::6416.847*2.98] mapped 47727 sequences
[M::worker_pipeline::7310.481*2.98] mapped 60225 sequences
[M::worker_pipeline::8133.481*2.98] mapped 72099 sequences
[M::worker_pipeline::9528.021*2.98] mapped 8399 sequences
[M::worker_pipeline::10786.361*2.98] mapped 10862 sequences
[M::worker_pipeline::11969.424*2.98] mapped 7531 sequences
[M::worker_pipeline::13254.611*2.98] mapped 9069 sequences
[M::worker_pipeline::14615.903*2.97] mapped 8562 sequences
[M::worker_pipeline::15726.026*2.97] mapped 8785 sequences
[M::worker_pipeline::17369.481*2.97] mapped 10625 sequences
[M::worker_pipeline::18784.094*2.97] mapped 9621 sequences
[M::worker_pipeline::20252.101*2.96] mapped 7791 sequences
[M::worker_pipeline::21998.419*2.96] mapped 8290 sequences
[M::worker_pipeline::23440.319*2.96] mapped 11074 sequences
[M::worker_pipeline::24782.339*2.96] mapped 8555 sequences
[M::worker_pipeline::26129.875*2.96] mapped 8563 sequences
[M::worker_pipeline::27535.769*2.96] mapped 7201 sequences
[M::worker_pipeline::28787.652*2.97] mapped 8921 sequences
[M::worker_pipeline::30242.063*2.97] mapped 7209 sequences
[M::worker_pipeline::31679.713*2.97] mapped 10845 sequences
[M::worker_pipeline::33208.798*2.97] mapped 9283 sequences
[M::worker_pipeline::34736.895*2.97] mapped 8957 sequences
[M::worker_pipeline::36154.401*2.97] mapped 8219 sequences
[M::worker_pipeline::37443.219*2.97] mapped 7083 sequences
[M::worker_pipeline::38748.664*2.97] mapped 8314 sequences
[M::worker_pipeline::40338.507*2.97] mapped 8123 sequences
[M::worker_pipeline::41758.343*2.97] mapped 8305 sequences
[M::worker_pipeline::42994.172*2.97] mapped 8490 sequences
[M::worker_pipeline::44165.886*2.97] mapped 7954 sequences
[M::worker_pipeline::45470.141*2.97] mapped 8598 sequences
[M::worker_pipeline::46818.362*2.97] mapped 8691 sequences
[M::worker_pipeline::48395.548*2.96] mapped 7804 sequences
[M::worker_pipeline::50023.849*2.95] mapped 8847 sequences
[M::worker_pipeline::51303.241*2.95] mapped 9421 sequences
[M::worker_pipeline::52392.090*2.95] mapped 10029 sequences
[M::worker_pipeline::53630.456*2.95] mapped 11916 sequences
[M::worker_pipeline::54917.557*2.95] mapped 10054 sequences
[M::worker_pipeline::56276.641*2.95] mapped 7506 sequences
[M::worker_pipeline::57739.610*2.95] mapped 7316 sequences
[M::worker_pipeline::58940.126*2.95] mapped 9908 sequences
[M::worker_pipeline::60044.375*2.95] mapped 11000 sequences
[M::worker_pipeline::61349.481*2.95] mapped 10083 sequences
[M::worker_pipeline::62860.687*2.95] mapped 10499 sequences
[M::worker_pipeline::64186.075*2.95] mapped 7711 sequences
[M::worker_pipeline::65398.565*2.95] mapped 9190 sequences
[M::worker_pipeline::66681.748*2.95] mapped 7794 sequences
[M::worker_pipeline::67866.144*2.95] mapped 8937 sequences
[M::worker_pipeline::69150.717*2.95] mapped 9107 sequences
[M::worker_pipeline::70542.801*2.95] mapped 6599 sequences
[M::worker_pipeline::71976.478*2.96] mapped 9400 sequences
[M::worker_pipeline::73226.446*2.96] mapped 8221 sequences
[M::worker_pipeline::74682.671*2.96] mapped 9463 sequences
[M::worker_pipeline::76085.815*2.96] mapped 7155 sequences
[M::worker_pipeline::77544.849*2.96] mapped 5415 sequences
[M::worker_pipeline::78766.637*2.96] mapped 9301 sequences
[M::worker_pipeline::80232.445*2.96] mapped 8573 sequences
[M::worker_pipeline::81580.175*2.96] mapped 8704 sequences
[M::worker_pipeline::82905.411*2.96] mapped 9495 sequences
[M::worker_pipeline::84211.254*2.96] mapped 8821 sequences
[M::worker_pipeline::85777.590*2.96] mapped 8359 sequences
[M::worker_pipeline::87174.997*2.96] mapped 8768 sequences
[M::worker_pipeline::88432.689*2.96] mapped 7979 sequences
[M::worker_pipeline::89697.954*2.96] mapped 8627 sequences
[M::worker_pipeline::91110.686*2.96] mapped 9208 sequences
[M::worker_pipeline::92491.402*2.96] mapped 9401 sequences
[M::worker_pipeline::93990.561*2.96] mapped 9000 sequences
[M::worker_pipeline::95249.812*2.96] mapped 10394 sequences
[M::worker_pipeline::96547.124*2.96] mapped 11966 sequences
[M::worker_pipeline::98108.055*2.96] mapped 9375 sequences
[M::worker_pipeline::99632.418*2.96] mapped 8362 sequences
[M::worker_pipeline::101104.887*2.96] mapped 5523 sequences
[M::worker_pipeline::102635.037*2.96] mapped 10018 sequences
[M::worker_pipeline::104020.625*2.96] mapped 10097 sequences
[M::worker_pipeline::105492.351*2.96] mapped 7676 sequences
[M::worker_pipeline::106890.129*2.96] mapped 9083 sequences
[M::worker_pipeline::108297.301*2.96] mapped 8459 sequences
[M::worker_pipeline::109643.887*2.96] mapped 6934 sequences
[M::worker_pipeline::111005.870*2.96] mapped 7995 sequences
[M::worker_pipeline::112493.864*2.96] mapped 8582 sequences
[M::worker_pipeline::113677.452*2.96] mapped 10556 sequences
[M::worker_pipeline::114994.793*2.96] mapped 7719 sequences
[M::worker_pipeline::116151.563*2.96] mapped 10203 sequences
[M::worker_pipeline::117787.396*2.96] mapped 8264 sequences
[M::worker_pipeline::119084.652*2.96] mapped 9438 sequences
[M::worker_pipeline::120685.536*2.96] mapped 8451 sequences
[M::worker_pipeline::122034.686*2.96] mapped 12442 sequences
[M::worker_pipeline::123404.359*2.96] mapped 7316 sequences
[M::worker_pipeline::124633.433*2.96] mapped 9924 sequences
[M::worker_pipeline::125918.494*2.96] mapped 7976 sequences
[M::worker_pipeline::127558.640*2.96] mapped 7979 sequences
[M::worker_pipeline::128937.110*2.96] mapped 12406 sequences
[M::worker_pipeline::130256.500*2.96] mapped 8614 sequences
[M::worker_pipeline::131811.222*2.96] mapped 9104 sequences
[M::worker_pipeline::133272.587*2.96] mapped 8358 sequences
[M::worker_pipeline::134572.647*2.96] mapped 8224 sequences
[M::worker_pipeline::135985.996*2.96] mapped 8258 sequences
[M::worker_pipeline::137118.073*2.96] mapped 8687 sequences
[M::worker_pipeline::138192.203*2.96] mapped 9854 sequences
[M::worker_pipeline::139493.020*2.96] mapped 7876 sequences
[M::worker_pipeline::140961.922*2.96] mapped 9161 sequences
[M::worker_pipeline::142710.132*2.95] mapped 8272 sequences
[M::worker_pipeline::143928.828*2.95] mapped 8677 sequences
[M::worker_pipeline::145265.019*2.95] mapped 8362 sequences
[M::worker_pipeline::146695.762*2.95] mapped 9311 sequences
[M::worker_pipeline::148048.404*2.95] mapped 8577 sequences
[M::worker_pipeline::149885.982*2.96] mapped 9048 sequences
[M::worker_pipeline::151231.097*2.96] mapped 7229 sequences
[M::worker_pipeline::152593.748*2.96] mapped 7442 sequences
[M::worker_pipeline::153853.041*2.96] mapped 8969 sequences
[M::worker_pipeline::155347.525*2.95] mapped 8814 sequences
[M::worker_pipeline::156637.383*2.95] mapped 8950 sequences
[M::worker_pipeline::157932.138*2.95] mapped 9007 sequences
[M::worker_pipeline::159335.588*2.95] mapped 7858 sequences
[M::worker_pipeline::160651.337*2.95] mapped 7813 sequences
[M::worker_pipeline::162182.885*2.95] mapped 7454 sequences
[M::worker_pipeline::163506.538*2.95] mapped 8893 sequences
[M::worker_pipeline::164709.640*2.95] mapped 9448 sequences
[M::worker_pipeline::166024.602*2.95] mapped 10355 sequences
[M::worker_pipeline::167483.568*2.95] mapped 9948 sequences
[M::worker_pipeline::168791.241*2.96] mapped 9081 sequences
[M::worker_pipeline::170005.301*2.96] mapped 11525 sequences
[M::worker_pipeline::171174.832*2.96] mapped 11157 sequences
[M::worker_pipeline::172420.793*2.96] mapped 9186 sequences
[M::worker_pipeline::173887.048*2.96] mapped 8870 sequences
[M::worker_pipeline::175313.354*2.96] mapped 9460 sequences
[M::worker_pipeline::176573.945*2.96] mapped 9718 sequences
[M::worker_pipeline::177900.806*2.96] mapped 8193 sequences
slurmstepd: error: *** JOB 37857731 ON compute-a-16-51 CANCELLED AT 2024-05-09T15:12:02 DUE TO TIME LIMIT ***
