[M::bam2fq_mainloop] discarded 0 singletons
[M::bam2fq_mainloop] processed 3171502 reads
[M::main::13.662*1.00] loaded/built the index for 3366 target sequence(s)
[M::mm_mapopt_update::16.332*1.00] mid_occ = 718
[M::mm_idx_stat] kmer size: 15; skip: 10; is_hpc: 0; #seq: 3366
[M::mm_idx_stat::17.361*1.00] distinct minimizers: 100273180 (37.98% are singletons); average occurrences: 5.717; average spacing: 5.612; total length: 3217346917
[M::worker_pipeline::1091.215*2.96] mapped 15909 sequences
[M::worker_pipeline::2228.756*2.97] mapped 15608 sequences
[M::worker_pipeline::3510.867*2.98] mapped 12315 sequences
[M::worker_pipeline::4692.070*2.98] mapped 17278 sequences
[M::worker_pipeline::5689.219*2.98] mapped 18516 sequences
[M::worker_pipeline::6685.526*2.98] mapped 21477 sequences
[M::worker_pipeline::7973.144*2.99] mapped 12963 sequences
[M::worker_pipeline::9060.846*2.99] mapped 20699 sequences
[M::worker_pipeline::10212.969*2.98] mapped 14002 sequences
[M::worker_pipeline::11198.746*2.98] mapped 23580 sequences
[M::worker_pipeline::12565.639*2.98] mapped 13525 sequences
[M::worker_pipeline::13742.263*2.98] mapped 14236 sequences
[M::worker_pipeline::15002.922*2.98] mapped 10124 sequences
[M::worker_pipeline::16207.544*2.98] mapped 9266 sequences
[M::worker_pipeline::17307.944*2.97] mapped 18110 sequences
[M::worker_pipeline::18580.018*2.97] mapped 10601 sequences
[M::worker_pipeline::19719.195*2.97] mapped 12678 sequences
[M::worker_pipeline::20872.052*2.97] mapped 15864 sequences
[M::worker_pipeline::21960.421*2.97] mapped 11193 sequences
[M::worker_pipeline::22933.643*2.97] mapped 26605 sequences
[M::worker_pipeline::24201.328*2.97] mapped 14529 sequences
[M::worker_pipeline::25479.259*2.97] mapped 12487 sequences
[M::worker_pipeline::26809.458*2.97] mapped 12186 sequences
[M::worker_pipeline::28150.053*2.97] mapped 8021 sequences
[M::worker_pipeline::29480.670*2.97] mapped 13828 sequences
[M::worker_pipeline::30926.196*2.96] mapped 12765 sequences
[M::worker_pipeline::31972.693*2.96] mapped 24450 sequences
[M::worker_pipeline::32993.901*2.96] mapped 19470 sequences
[M::worker_pipeline::34171.681*2.96] mapped 16337 sequences
[M::worker_pipeline::35565.236*2.96] mapped 13986 sequences
[M::worker_pipeline::36629.784*2.96] mapped 15392 sequences
[M::worker_pipeline::37753.936*2.96] mapped 11494 sequences
[M::worker_pipeline::38932.601*2.96] mapped 11676 sequences
[M::worker_pipeline::40396.450*2.96] mapped 12079 sequences
[M::worker_pipeline::41664.115*2.97] mapped 17231 sequences
[M::worker_pipeline::43435.925*2.95] mapped 15064 sequences
[M::worker_pipeline::44727.239*2.95] mapped 8909 sequences
[M::worker_pipeline::45925.784*2.95] mapped 10621 sequences
[M::worker_pipeline::47079.180*2.95] mapped 10485 sequences
[M::worker_pipeline::48780.069*2.96] mapped 11254 sequences
[M::worker_pipeline::49968.484*2.96] mapped 15193 sequences
[M::worker_pipeline::51252.570*2.96] mapped 11781 sequences
[M::worker_pipeline::52600.870*2.96] mapped 14884 sequences
[M::worker_pipeline::54071.991*2.95] mapped 11078 sequences
[M::worker_pipeline::55397.440*2.95] mapped 15877 sequences
[M::worker_pipeline::56661.752*2.95] mapped 9969 sequences
[M::worker_pipeline::57908.023*2.95] mapped 15517 sequences
[M::worker_pipeline::59061.587*2.95] mapped 14463 sequences
[M::worker_pipeline::60147.484*2.95] mapped 13119 sequences
[M::worker_pipeline::61483.967*2.96] mapped 15792 sequences
[M::worker_pipeline::62702.314*2.95] mapped 17872 sequences
[M::worker_pipeline::63705.191*2.96] mapped 18258 sequences
[M::worker_pipeline::64621.015*2.96] mapped 20308 sequences
[M::worker_pipeline::65743.304*2.96] mapped 22488 sequences
[M::worker_pipeline::66980.445*2.96] mapped 14468 sequences
[M::worker_pipeline::68036.877*2.96] mapped 21835 sequences
[M::worker_pipeline::69137.035*2.96] mapped 19604 sequences
[M::worker_pipeline::70173.737*2.96] mapped 24997 sequences
[M::worker_pipeline::71258.533*2.96] mapped 20981 sequences
[M::worker_pipeline::72463.691*2.96] mapped 15908 sequences
[M::worker_pipeline::73759.883*2.96] mapped 13687 sequences
[M::worker_pipeline::74821.725*2.96] mapped 21549 sequences
[M::worker_pipeline::75876.060*2.96] mapped 20221 sequences
[M::worker_pipeline::77049.071*2.96] mapped 16260 sequences
[M::worker_pipeline::78136.796*2.96] mapped 17901 sequences
[M::worker_pipeline::79371.529*2.96] mapped 9633 sequences
[M::worker_pipeline::80297.376*2.96] mapped 27088 sequences
[M::worker_pipeline::81434.770*2.96] mapped 23061 sequences
[M::worker_pipeline::82884.265*2.96] mapped 10027 sequences
[M::worker_pipeline::84314.710*2.96] mapped 8110 sequences
[M::worker_pipeline::85666.614*2.96] mapped 8218 sequences
[M::worker_pipeline::87200.159*2.96] mapped 7752 sequences
[M::worker_pipeline::88652.409*2.96] mapped 7832 sequences
[M::worker_pipeline::89958.502*2.96] mapped 8683 sequences
[M::worker_pipeline::91337.386*2.96] mapped 10157 sequences
[M::worker_pipeline::92804.730*2.96] mapped 7767 sequences
[M::worker_pipeline::94234.243*2.96] mapped 7906 sequences
[M::worker_pipeline::95572.562*2.96] mapped 9541 sequences
[M::worker_pipeline::97128.201*2.96] mapped 8795 sequences
[M::worker_pipeline::98184.383*2.96] mapped 10624 sequences
[M::worker_pipeline::99536.915*2.96] mapped 10026 sequences
[M::worker_pipeline::100899.651*2.96] mapped 7759 sequences
[M::worker_pipeline::102510.111*2.96] mapped 8013 sequences
[M::worker_pipeline::104004.114*2.96] mapped 7811 sequences
[M::worker_pipeline::105493.653*2.96] mapped 8290 sequences
[M::worker_pipeline::107342.512*2.96] mapped 7897 sequences
[M::worker_pipeline::109059.303*2.96] mapped 7633 sequences
[M::worker_pipeline::110446.729*2.96] mapped 7763 sequences
[M::worker_pipeline::111870.195*2.96] mapped 8270 sequences
[M::worker_pipeline::113401.378*2.96] mapped 8420 sequences
[M::worker_pipeline::114914.708*2.96] mapped 8171 sequences
[M::worker_pipeline::116431.873*2.96] mapped 7834 sequences
[M::worker_pipeline::118092.158*2.96] mapped 7197 sequences
[M::worker_pipeline::119457.883*2.96] mapped 8990 sequences
[M::worker_pipeline::120998.768*2.96] mapped 7130 sequences
[M::worker_pipeline::122534.884*2.96] mapped 7581 sequences
[M::worker_pipeline::124028.303*2.96] mapped 8989 sequences
[M::worker_pipeline::125545.949*2.96] mapped 6473 sequences
[M::worker_pipeline::126880.248*2.96] mapped 7278 sequences
[M::worker_pipeline::128368.308*2.96] mapped 8797 sequences
[M::worker_pipeline::130198.383*2.96] mapped 7733 sequences
[M::worker_pipeline::132013.714*2.96] mapped 7532 sequences
[M::worker_pipeline::133835.431*2.96] mapped 7595 sequences
[M::worker_pipeline::135225.527*2.96] mapped 8161 sequences
[M::worker_pipeline::136847.880*2.96] mapped 8178 sequences
[M::worker_pipeline::138552.704*2.96] mapped 8421 sequences
[M::worker_pipeline::140163.531*2.96] mapped 9349 sequences
[M::worker_pipeline::141748.367*2.96] mapped 7710 sequences
[M::worker_pipeline::143140.101*2.96] mapped 7307 sequences
[M::worker_pipeline::144488.936*2.96] mapped 6207 sequences
[M::worker_pipeline::145880.819*2.96] mapped 8000 sequences
[M::worker_pipeline::147337.595*2.96] mapped 11411 sequences
[M::worker_pipeline::148713.288*2.96] mapped 10702 sequences
[M::worker_pipeline::149912.835*2.96] mapped 12104 sequences
[M::worker_pipeline::151086.624*2.96] mapped 13197 sequences
[M::worker_pipeline::152161.547*2.96] mapped 14304 sequences
[M::worker_pipeline::153443.925*2.96] mapped 17204 sequences
[M::worker_pipeline::154929.265*2.96] mapped 16300 sequences
[M::worker_pipeline::156141.969*2.96] mapped 17529 sequences
[M::worker_pipeline::157594.991*2.96] mapped 11539 sequences
[M::worker_pipeline::158963.860*2.96] mapped 13645 sequences
[M::worker_pipeline::160375.674*2.96] mapped 14733 sequences
[M::worker_pipeline::161661.940*2.96] mapped 17718 sequences
[M::worker_pipeline::163000.667*2.96] mapped 16302 sequences
[M::worker_pipeline::164320.695*2.96] mapped 15826 sequences
[M::worker_pipeline::165595.210*2.96] mapped 12682 sequences
[M::worker_pipeline::166833.753*2.96] mapped 15095 sequences
[M::worker_pipeline::168093.271*2.96] mapped 18260 sequences
[M::worker_pipeline::169329.351*2.96] mapped 20036 sequences
[M::worker_pipeline::170395.519*2.96] mapped 23118 sequences
[M::worker_pipeline::171882.466*2.96] mapped 13132 sequences
[M::worker_pipeline::172908.957*2.96] mapped 19153 sequences
[M::worker_pipeline::174147.519*2.96] mapped 15887 sequences
[M::worker_pipeline::175299.723*2.96] mapped 21651 sequences
[M::worker_pipeline::176366.599*2.96] mapped 18791 sequences
[M::worker_pipeline::177927.764*2.96] mapped 10667 sequences
[M::worker_pipeline::179157.551*2.96] mapped 16571 sequences
[M::worker_pipeline::180298.491*2.96] mapped 17525 sequences
[M::worker_pipeline::181512.629*2.96] mapped 14052 sequences
[M::worker_pipeline::182511.521*2.96] mapped 18284 sequences
[M::worker_pipeline::183659.025*2.96] mapped 19839 sequences
[M::worker_pipeline::184925.952*2.96] mapped 14182 sequences
[M::worker_pipeline::186147.676*2.96] mapped 14703 sequences
[M::worker_pipeline::187559.568*2.96] mapped 10075 sequences
[M::worker_pipeline::188844.258*2.96] mapped 18781 sequences
[M::worker_pipeline::190089.149*2.96] mapped 17247 sequences
[M::worker_pipeline::191766.450*2.96] mapped 9089 sequences
[M::worker_pipeline::192939.019*2.96] mapped 15428 sequences
[M::worker_pipeline::194110.181*2.96] mapped 17783 sequences
[M::worker_pipeline::195285.594*2.96] mapped 11936 sequences
[M::worker_pipeline::196668.674*2.96] mapped 13790 sequences
[M::worker_pipeline::197885.696*2.96] mapped 18585 sequences
[M::worker_pipeline::199136.315*2.96] mapped 13851 sequences
[M::worker_pipeline::200414.535*2.96] mapped 15410 sequences
[M::worker_pipeline::201619.055*2.96] mapped 14056 sequences
[M::worker_pipeline::202987.161*2.96] mapped 12696 sequences
[M::worker_pipeline::204153.136*2.96] mapped 20048 sequences
[M::worker_pipeline::205354.970*2.96] mapped 13296 sequences
[M::worker_pipeline::206620.348*2.96] mapped 14204 sequences
[M::worker_pipeline::207846.764*2.96] mapped 18865 sequences
[M::worker_pipeline::209031.125*2.96] mapped 11645 sequences
[M::worker_pipeline::210389.505*2.96] mapped 13541 sequences
[M::worker_pipeline::211603.929*2.96] mapped 19490 sequences
[M::worker_pipeline::212664.327*2.96] mapped 17082 sequences
[M::worker_pipeline::214032.954*2.96] mapped 12951 sequences
[M::worker_pipeline::215315.171*2.96] mapped 12766 sequences
[M::worker_pipeline::216609.000*2.96] mapped 13937 sequences
[M::worker_pipeline::217781.473*2.96] mapped 20113 sequences
[M::worker_pipeline::218768.936*2.96] mapped 18980 sequences
[M::worker_pipeline::220049.121*2.96] mapped 16469 sequences
[M::worker_pipeline::221167.302*2.96] mapped 18792 sequences
[M::worker_pipeline::222287.705*2.96] mapped 17887 sequences
[M::worker_pipeline::223442.975*2.96] mapped 14052 sequences
[M::worker_pipeline::224669.183*2.96] mapped 13772 sequences
[M::worker_pipeline::226002.801*2.96] mapped 15974 sequences
[M::worker_pipeline::227173.172*2.96] mapped 10312 sequences
[M::worker_pipeline::228519.556*2.96] mapped 13646 sequences
[M::worker_pipeline::229790.811*2.96] mapped 13178 sequences
[M::worker_pipeline::230913.355*2.96] mapped 18981 sequences
[M::worker_pipeline::232060.704*2.96] mapped 17794 sequences
[M::worker_pipeline::233263.904*2.96] mapped 14106 sequences
[M::worker_pipeline::234534.102*2.96] mapped 11370 sequences
[M::worker_pipeline::235742.263*2.96] mapped 13014 sequences
[M::worker_pipeline::237011.109*2.96] mapped 12816 sequences
[M::worker_pipeline::238453.761*2.97] mapped 8426 sequences
[M::worker_pipeline::239583.382*2.96] mapped 9413 sequences
[M::worker_pipeline::240793.769*2.96] mapped 12132 sequences
[M::worker_pipeline::242111.212*2.97] mapped 11103 sequences
[M::worker_pipeline::243334.939*2.96] mapped 8328 sequences
[M::worker_pipeline::244658.937*2.97] mapped 10463 sequences
[M::worker_pipeline::245870.436*2.97] mapped 10616 sequences
[M::worker_pipeline::247201.827*2.97] mapped 10854 sequences
[M::worker_pipeline::248485.840*2.97] mapped 9375 sequences
[M::worker_pipeline::249968.132*2.97] mapped 7328 sequences
[M::worker_pipeline::251310.098*2.96] mapped 12702 sequences
[M::worker_pipeline::252670.618*2.97] mapped 12522 sequences
[M::worker_pipeline::253884.987*2.96] mapped 8689 sequences
[M::worker_pipeline::255106.681*2.96] mapped 8550 sequences
[M::worker_pipeline::256266.901*2.96] mapped 7606 sequences
[M::worker_pipeline::257680.220*2.96] mapped 6406 sequences
[M::worker_pipeline::259205.607*2.96] mapped 7304 sequences
[M::worker_pipeline::260561.759*2.97] mapped 8543 sequences
[M::worker_pipeline::262002.159*2.97] mapped 7119 sequences
[M::worker_pipeline::263447.934*2.97] mapped 9320 sequences
[M::worker_pipeline::264744.502*2.97] mapped 8235 sequences
[M::worker_pipeline::266355.028*2.97] mapped 7829 sequences
[M::worker_pipeline::267805.812*2.97] mapped 9081 sequences
[M::worker_pipeline::269163.282*2.96] mapped 6752 sequences
[M::worker_pipeline::270496.525*2.96] mapped 6839 sequences
[M::worker_pipeline::271830.584*2.96] mapped 8504 sequences
[M::worker_pipeline::273398.541*2.96] mapped 8064 sequences
[M::worker_pipeline::274623.521*2.96] mapped 6669 sequences
[M::worker_pipeline::275935.970*2.96] mapped 7385 sequences
[M::worker_pipeline::277271.001*2.96] mapped 6911 sequences
[M::worker_pipeline::278695.612*2.96] mapped 6281 sequences
[M::worker_pipeline::280030.951*2.96] mapped 7201 sequences
[M::worker_pipeline::281603.898*2.96] mapped 8049 sequences
[M::worker_pipeline::283145.159*2.96] mapped 7211 sequences
[M::worker_pipeline::284926.598*2.96] mapped 7026 sequences
[M::worker_pipeline::286569.814*2.96] mapped 6810 sequences
[M::worker_pipeline::288088.976*2.96] mapped 6950 sequences
[M::worker_pipeline::289396.128*2.96] mapped 7745 sequences
[M::worker_pipeline::290866.841*2.96] mapped 8302 sequences
[M::worker_pipeline::292253.102*2.96] mapped 6312 sequences
[M::worker_pipeline::293578.566*2.96] mapped 5891 sequences
[M::worker_pipeline::295004.074*2.96] mapped 7414 sequences
[M::worker_pipeline::296545.492*2.96] mapped 6319 sequences
[M::worker_pipeline::298174.652*2.96] mapped 7462 sequences
[M::worker_pipeline::299496.283*2.96] mapped 8074 sequences
[M::worker_pipeline::300904.209*2.96] mapped 7547 sequences
[M::worker_pipeline::302378.530*2.96] mapped 7217 sequences
[M::worker_pipeline::303555.824*2.96] mapped 6838 sequences
[M::worker_pipeline::304821.501*2.96] mapped 10053 sequences
[M::worker_pipeline::306338.889*2.96] mapped 8254 sequences
[M::worker_pipeline::307548.952*2.96] mapped 7562 sequences
[M::worker_pipeline::309019.886*2.96] mapped 7686 sequences
[M::worker_pipeline::310797.409*2.96] mapped 6952 sequences
[M::worker_pipeline::312520.720*2.96] mapped 9176 sequences
[M::worker_pipeline::314008.873*2.96] mapped 6845 sequences
[M::worker_pipeline::315327.197*2.96] mapped 7046 sequences
[M::worker_pipeline::316822.947*2.96] mapped 7361 sequences
[M::worker_pipeline::318059.367*2.96] mapped 7771 sequences
[M::worker_pipeline::319921.841*2.96] mapped 7928 sequences
[M::worker_pipeline::321313.070*2.96] mapped 8832 sequences
[M::worker_pipeline::322393.865*2.96] mapped 6928 sequences
[M::worker_pipeline::324160.106*2.96] mapped 6758 sequences
[M::worker_pipeline::325606.813*2.96] mapped 7299 sequences
[M::worker_pipeline::326932.577*2.96] mapped 8410 sequences
[M::worker_pipeline::328265.405*2.96] mapped 7231 sequences
[M::worker_pipeline::329437.671*2.96] mapped 7836 sequences
[M::worker_pipeline::330679.257*2.96] mapped 7185 sequences
[M::worker_pipeline::332136.624*2.96] mapped 6747 sequences
[M::worker_pipeline::333830.103*2.96] mapped 6410 sequences
[M::worker_pipeline::335014.978*2.96] mapped 7221 sequences
[M::worker_pipeline::336353.569*2.96] mapped 6012 sequences
[M::worker_pipeline::337978.442*2.96] mapped 6575 sequences
[M::worker_pipeline::339435.450*2.96] mapped 7132 sequences
[M::worker_pipeline::340738.340*2.96] mapped 7228 sequences
[M::worker_pipeline::342059.470*2.96] mapped 7947 sequences
[M::worker_pipeline::343339.814*2.96] mapped 6429 sequences
[M::worker_pipeline::344788.917*2.96] mapped 7424 sequences
[M::worker_pipeline::345037.086*2.96] mapped 17065 sequences
[M::main] Version: 2.28-r1209
[M::main] CMD: minimap2 -a /n/data1/bch/genetics/lee/reference/hg38/Homo_sapiens_assembly38-ONT.mmi /n/data1/bch/genetics/lee/projects/SMaHT/data/SMaHT_DAC_COLO829/ontUl_r9_r10/COLO829T_ontUL.fasta
[M::main] Real time: 345038.110 sec; CPU: 1022467.774 sec; Peak RSS: 11.361 GB
[E::hts_idx_push] Chromosome blocks not continuous
[E::sam_index] Read 'db68c9bf-3bea-4e10-966d-440323c95cb4' with ref_name='chrUn_GL000216v2', ref_length=176608, flags=272, pos=88695 cannot be indexed
samtools index: failed to create index for "/n/data1/bch/genetics/lee/projects/SMaHT/data/SMaHT_DAC_COLO829/ontUl_r9_r10/COLO829T_ontUL.aligned.bam"
